# JRE version: OpenJDK Runtime Environment (8.0_112-b15) (build 1.8.0_112-b15)
# Java VM: OpenJDK 64-Bit Server VM (25.112-b15 mixed mode linux-amd64 compressed oops)
Heap:
 PSYoungGen      total 529408K, used 504807K [0x00000000d6f00000, 0x00000000fff00000, 0x0000000100000000)
  eden space 517632K, 96% used [0x00000000d6f00000,0x00000000f5615f40,0x00000000f6880000)
  from space 11776K, 51% used [0x00000000f6880000,0x00000000f6e64020,0x00000000f7400000)
  to   space 11264K, 0% used [0x00000000ff400000,0x00000000ff400000,0x00000000fff00000)
 ParOldGen       total 74240K, used 27474K [0x0000000084c00000, 0x0000000089480000, 0x00000000d6f00000)
  object space 74240K, 37% used [0x0000000084c00000,0x00000000866d4990,0x0000000089480000)
 Metaspace       used 41438K, capacity 55175K, committed 55296K, reserved 1089536K
  class space    used 10465K, capacity 15089K, committed 15104K, reserved 1048576K
GC Heap History (10 events):
Event: 141.949 GC heap before
{Heap before GC invocations=11 (full 1):
 PSYoungGen      total 259584K, used 35014K [0x00000000d6f00000, 0x00000000f0580000, 0x0000000100000000)
  eden space 247808K, 10% used [0x00000000d6f00000,0x00000000d88cf720,0x00000000e6100000)
  from space 11776K, 72% used [0x00000000e6100000,0x00000000e6962210,0x00000000e6c80000)
  to   space 11776K, 0% used [0x00000000efa00000,0x00000000efa00000,0x00000000f0580000)
 ParOldGen       total 51712K, used 14707K [0x0000000084c00000, 0x0000000087e80000, 0x00000000d6f00000)
  object space 51712K, 28% used [0x0000000084c00000,0x0000000085a5cf08,0x0000000087e80000)
 Metaspace       used 29279K, capacity 35405K, committed 35496K, reserved 1075200K
  class space    used 6942K, capacity 9216K, committed 9216K, reserved 1048576K
Event: 141.958 GC heap after
Heap after GC invocations=11 (full 1):
 PSYoungGen      total 404480K, used 5666K [0x00000000d6f00000, 0x00000000f0880000, 0x0000000100000000)
  eden space 392704K, 0% used [0x00000000d6f00000,0x00000000d6f00000,0x00000000eee80000)
  from space 11776K, 48% used [0x00000000efa00000,0x00000000eff88968,0x00000000f0580000)
  to   space 11776K, 0% used [0x00000000eee80000,0x00000000eee80000,0x00000000efa00000)
 ParOldGen       total 51712K, used 17413K [0x0000000084c00000, 0x0000000087e80000, 0x00000000d6f00000)
  object space 51712K, 33% used [0x0000000084c00000,0x0000000085d01518,0x0000000087e80000)
 Metaspace       used 29279K, capacity 35405K, committed 35496K, reserved 1075200K
  class space    used 6942K, capacity 9216K, committed 9216K, reserved 1048576K
}
Event: 141.958 GC heap before
{Heap before GC invocations=12 (full 2):
 PSYoungGen      total 404480K, used 5666K [0x00000000d6f00000, 0x00000000f0880000, 0x0000000100000000)
  eden space 392704K, 0% used [0x00000000d6f00000,0x00000000d6f00000,0x00000000eee80000)
  from space 11776K, 48% used [0x00000000efa00000,0x00000000eff88968,0x00000000f0580000)
  to   space 11776K, 0% used [0x00000000eee80000,0x00000000eee80000,0x00000000efa00000)
 ParOldGen       total 51712K, used 17413K [0x0000000084c00000, 0x0000000087e80000, 0x00000000d6f00000)
  object space 51712K, 33% used [0x0000000084c00000,0x0000000085d01518,0x0000000087e80000)
 Metaspace       used 29279K, capacity 35405K, committed 35496K, reserved 1075200K
  class space    used 6942K, capacity 9216K, committed 9216K, reserved 1048576K
Event: 142.126 GC heap after
Heap after GC invocations=12 (full 2):
 PSYoungGen      total 404480K, used 0K [0x00000000d6f00000, 0x00000000f0880000, 0x0000000100000000)
  eden space 392704K, 0% used [0x00000000d6f00000,0x00000000d6f00000,0x00000000eee80000)
  from space 11776K, 0% used [0x00000000efa00000,0x00000000efa00000,0x00000000f0580000)
  to   space 11776K, 0% used [0x00000000eee80000,0x00000000eee80000,0x00000000efa00000)
 ParOldGen       total 74240K, used 22635K [0x0000000084c00000, 0x0000000089480000, 0x00000000d6f00000)
  object space 74240K, 30% used [0x0000000084c00000,0x000000008621ad30,0x0000000089480000)
 Metaspace       used 29279K, capacity 35405K, committed 35496K, reserved 1075200K
  class space    used 6942K, capacity 9216K, committed 9216K, reserved 1048576K
}
Event: 142.474 GC heap before
{Heap before GC invocations=13 (full 2):
 PSYoungGen      total 404480K, used 392704K [0x00000000d6f00000, 0x00000000f0880000, 0x0000000100000000)
  eden space 392704K, 100% used [0x00000000d6f00000,0x00000000eee80000,0x00000000eee80000)
  from space 11776K, 0% used [0x00000000efa00000,0x00000000efa00000,0x00000000f0580000)
  to   space 11776K, 0% used [0x00000000eee80000,0x00000000eee80000,0x00000000efa00000)
 ParOldGen       total 74240K, used 22635K [0x0000000084c00000, 0x0000000089480000, 0x00000000d6f00000)
  object space 74240K, 30% used [0x0000000084c00000,0x000000008621ad30,0x0000000089480000)
 Metaspace       used 29786K, capacity 35991K, committed 36096K, reserved 1075200K
  class space    used 7063K, capacity 9374K, committed 9472K, reserved 1048576K
Event: 142.483 GC heap after
Heap after GC invocations=13 (full 2):
 PSYoungGen      total 404480K, used 1924K [0x00000000d6f00000, 0x00000000f7f80000, 0x0000000100000000)
  eden space 392704K, 0% used [0x00000000d6f00000,0x00000000d6f00000,0x00000000eee80000)
  from space 11776K, 16% used [0x00000000eee80000,0x00000000ef061170,0x00000000efa00000)
  to   space 11776K, 0% used [0x00000000f7400000,0x00000000f7400000,0x00000000f7f80000)
 ParOldGen       total 74240K, used 22643K [0x0000000084c00000, 0x0000000089480000, 0x00000000d6f00000)
  object space 74240K, 30% used [0x0000000084c00000,0x000000008621cd30,0x0000000089480000)
 Metaspace       used 29786K, capacity 35991K, committed 36096K, reserved 1075200K
  class space    used 7063K, capacity 9374K, committed 9472K, reserved 1048576K
}
Event: 142.844 GC heap before
{Heap before GC invocations=14 (full 2):
 PSYoungGen      total 404480K, used 394628K [0x00000000d6f00000, 0x00000000f7f80000, 0x0000000100000000)
  eden space 392704K, 100% used [0x00000000d6f00000,0x00000000eee80000,0x00000000eee80000)
  from space 11776K, 16% used [0x00000000eee80000,0x00000000ef061170,0x00000000efa00000)
  to   space 11776K, 0% used [0x00000000f7400000,0x00000000f7400000,0x00000000f7f80000)
 ParOldGen       total 74240K, used 22643K [0x0000000084c00000, 0x0000000089480000, 0x00000000d6f00000)
  object space 74240K, 30% used [0x0000000084c00000,0x000000008621cd30,0x0000000089480000)
 Metaspace       used 30390K, capacity 37133K, committed 37376K, reserved 1077248K
  class space    used 7250K, capacity 9676K, committed 9728K, reserved 1048576K
Event: 142.858 GC heap after
Heap after GC invocations=14 (full 2):
 PSYoungGen      total 529408K, used 3280K [0x00000000d6f00000, 0x00000000f8180000, 0x0000000100000000)
  eden space 517632K, 0% used [0x00000000d6f00000,0x00000000d6f00000,0x00000000f6880000)
  from space 11776K, 27% used [0x00000000f7400000,0x00000000f7734010,0x00000000f7f80000)
  to   space 11776K, 0% used [0x00000000f6880000,0x00000000f6880000,0x00000000f7400000)
 ParOldGen       total 74240K, used 24396K [0x0000000084c00000, 0x0000000089480000, 0x00000000d6f00000)
  object space 74240K, 32% used [0x0000000084c00000,0x00000000863d3108,0x0000000089480000)
 Metaspace       used 30390K, capacity 37133K, committed 37376K, reserved 1077248K
  class space    used 7250K, capacity 9676K, committed 9728K, reserved 1048576K
}
Event: 144.146 GC heap before
{Heap before GC invocations=15 (full 2):
 PSYoungGen      total 529408K, used 520912K [0x00000000d6f00000, 0x00000000f8180000, 0x0000000100000000)
  eden space 517632K, 100% used [0x00000000d6f00000,0x00000000f6880000,0x00000000f6880000)
  from space 11776K, 27% used [0x00000000f7400000,0x00000000f7734010,0x00000000f7f80000)
  to   space 11776K, 0% used [0x00000000f6880000,0x00000000f6880000,0x00000000f7400000)
 ParOldGen       total 74240K, used 24396K [0x0000000084c00000, 0x0000000089480000, 0x00000000d6f00000)
  object space 74240K, 32% used [0x0000000084c00000,0x00000000863d3108,0x0000000089480000)
 Metaspace       used 34618K, capacity 43649K, committed 43904K, reserved 1081344K
  class space    used 8452K, capacity 11556K, committed 11648K, reserved 1048576K
Event: 144.155 GC heap after
Heap after GC invocations=15 (full 2):
 PSYoungGen      total 529408K, used 6032K [0x00000000d6f00000, 0x00000000fff00000, 0x0000000100000000)
  eden space 517632K, 0% used [0x00000000d6f00000,0x00000000d6f00000,0x00000000f6880000)
  from space 11776K, 51% used [0x00000000f6880000,0x00000000f6e64020,0x00000000f7400000)
  to   space 11264K, 0% used [0x00000000ff400000,0x00000000ff400000,0x00000000fff00000)
 ParOldGen       total 74240K, used 27474K [0x0000000084c00000, 0x0000000089480000, 0x00000000d6f00000)
  object space 74240K, 37% used [0x0000000084c00000,0x00000000866d4990,0x0000000089480000)
 Metaspace       used 34618K, capacity 43649K, committed 43904K, reserved 1081344K
  class space    used 8452K, capacity 11556K, committed 11648K, reserved 1048576K
}

