# JRE version: OpenJDK Runtime Environment (8.0_121-b13) (build 1.8.0_121-b13)
# Java VM: OpenJDK 64-Bit Server VM (25.121-b13 mixed mode linux-amd64 compressed oops)
Heap:
 PSYoungGen      total 527360K, used 296318K [0x00000000d6e00000, 0x00000000f8400000, 0x0000000100000000)
  eden space 514560K, 55% used [0x00000000d6e00000,0x00000000e82e79b8,0x00000000f6480000)
  from space 12800K, 99% used [0x00000000f7780000,0x00000000f83f8010,0x00000000f8400000)
  to   space 14848K, 0% used [0x00000000f6700000,0x00000000f6700000,0x00000000f7580000)
 ParOldGen       total 93184K, used 23213K [0x0000000084a00000, 0x000000008a500000, 0x00000000d6e00000)
  object space 93184K, 24% used [0x0000000084a00000,0x00000000860ab708,0x000000008a500000)
 Metaspace       used 41524K, capacity 55301K, committed 55552K, reserved 1089536K
  class space    used 10475K, capacity 15061K, committed 15104K, reserved 1048576K
GC Heap History (10 events):
Event: 9.249 GC heap before
{Heap before GC invocations=10 (full 2):
 PSYoungGen      total 349696K, used 8081K [0x00000000d6e00000, 0x00000000f1e80000, 0x0000000100000000)
  eden space 337408K, 0% used [0x00000000d6e00000,0x00000000d6e00000,0x00000000eb780000)
  from space 12288K, 65% used [0x00000000ec300000,0x00000000ecae4728,0x00000000ecf00000)
  to   space 11776K, 0% used [0x00000000eb780000,0x00000000eb780000,0x00000000ec300000)
 ParOldGen       total 64000K, used 14916K [0x0000000084a00000, 0x0000000088880000, 0x00000000d6e00000)
  object space 64000K, 23% used [0x0000000084a00000,0x00000000858912a8,0x0000000088880000)
 Metaspace       used 29311K, capacity 35451K, committed 35496K, reserved 1075200K
  class space    used 6925K, capacity 9216K, committed 9216K, reserved 1048576K
Event: 9.381 GC heap after
Heap after GC invocations=10 (full 2):
 PSYoungGen      total 349696K, used 0K [0x00000000d6e00000, 0x00000000f1e80000, 0x0000000100000000)
  eden space 337408K, 0% used [0x00000000d6e00000,0x00000000d6e00000,0x00000000eb780000)
  from space 12288K, 0% used [0x00000000ec300000,0x00000000ec300000,0x00000000ecf00000)
  to   space 11776K, 0% used [0x00000000eb780000,0x00000000eb780000,0x00000000ec300000)
 ParOldGen       total 93184K, used 22492K [0x0000000084a00000, 0x000000008a500000, 0x00000000d6e00000)
  object space 93184K, 24% used [0x0000000084a00000,0x0000000085ff7018,0x000000008a500000)
 Metaspace       used 29311K, capacity 35451K, committed 35496K, reserved 1075200K
  class space    used 6925K, capacity 9216K, committed 9216K, reserved 1048576K
}
Event: 9.894 GC heap before
{Heap before GC invocations=11 (full 2):
 PSYoungGen      total 349696K, used 337408K [0x00000000d6e00000, 0x00000000f1e80000, 0x0000000100000000)
  eden space 337408K, 100% used [0x00000000d6e00000,0x00000000eb780000,0x00000000eb780000)
  from space 12288K, 0% used [0x00000000ec300000,0x00000000ec300000,0x00000000ecf00000)
  to   space 11776K, 0% used [0x00000000eb780000,0x00000000eb780000,0x00000000ec300000)
 ParOldGen       total 93184K, used 22492K [0x0000000084a00000, 0x000000008a500000, 0x00000000d6e00000)
  object space 93184K, 24% used [0x0000000084a00000,0x0000000085ff7018,0x000000008a500000)
 Metaspace       used 29871K, capacity 36145K, committed 36352K, reserved 1077248K
  class space    used 7082K, capacity 9422K, committed 9472K, reserved 1048576K
Event: 9.898 GC heap after
Heap after GC invocations=11 (full 2):
 PSYoungGen      total 349184K, used 2075K [0x00000000d6e00000, 0x00000000f2300000, 0x0000000100000000)
  eden space 337408K, 0% used [0x00000000d6e00000,0x00000000d6e00000,0x00000000eb780000)
  from space 11776K, 17% used [0x00000000eb780000,0x00000000eb986d78,0x00000000ec300000)
  to   space 12288K, 0% used [0x00000000f1700000,0x00000000f1700000,0x00000000f2300000)
 ParOldGen       total 93184K, used 22500K [0x0000000084a00000, 0x000000008a500000, 0x00000000d6e00000)
  object space 93184K, 24% used [0x0000000084a00000,0x0000000085ff9018,0x000000008a500000)
 Metaspace       used 29871K, capacity 36145K, committed 36352K, reserved 1077248K
  class space    used 7082K, capacity 9422K, committed 9472K, reserved 1048576K
}
Event: 10.204 GC heap before
{Heap before GC invocations=12 (full 2):
 PSYoungGen      total 349184K, used 339483K [0x00000000d6e00000, 0x00000000f2300000, 0x0000000100000000)
  eden space 337408K, 100% used [0x00000000d6e00000,0x00000000eb780000,0x00000000eb780000)
  from space 11776K, 17% used [0x00000000eb780000,0x00000000eb986d78,0x00000000ec300000)
  to   space 12288K, 0% used [0x00000000f1700000,0x00000000f1700000,0x00000000f2300000)
 ParOldGen       total 93184K, used 22500K [0x0000000084a00000, 0x000000008a500000, 0x00000000d6e00000)
  object space 93184K, 24% used [0x0000000084a00000,0x0000000085ff9018,0x000000008a500000)
 Metaspace       used 30236K, capacity 36597K, committed 36736K, reserved 1077248K
  class space    used 7187K, capacity 9570K, committed 9600K, reserved 1048576K
Event: 10.211 GC heap after
Heap after GC invocations=12 (full 2):
 PSYoungGen      total 435200K, used 4096K [0x00000000d6e00000, 0x00000000f2380000, 0x0000000100000000)
  eden space 422912K, 0% used [0x00000000d6e00000,0x00000000d6e00000,0x00000000f0b00000)
  from space 12288K, 33% used [0x00000000f1700000,0x00000000f1b00000,0x00000000f2300000)
  to   space 12288K, 0% used [0x00000000f0b00000,0x00000000f0b00000,0x00000000f1700000)
 ParOldGen       total 93184K, used 22508K [0x0000000084a00000, 0x000000008a500000, 0x00000000d6e00000)
  object space 93184K, 24% used [0x0000000084a00000,0x0000000085ffb018,0x000000008a500000)
 Metaspace       used 30236K, capacity 36597K, committed 36736K, reserved 1077248K
  class space    used 7187K, capacity 9570K, committed 9600K, reserved 1048576K
}
Event: 11.398 GC heap before
{Heap before GC invocations=13 (full 2):
 PSYoungGen      total 435200K, used 427008K [0x00000000d6e00000, 0x00000000f2380000, 0x0000000100000000)
  eden space 422912K, 100% used [0x00000000d6e00000,0x00000000f0b00000,0x00000000f0b00000)
  from space 12288K, 33% used [0x00000000f1700000,0x00000000f1b00000,0x00000000f2300000)
  to   space 12288K, 0% used [0x00000000f0b00000,0x00000000f0b00000,0x00000000f1700000)
 ParOldGen       total 93184K, used 22508K [0x0000000084a00000, 0x000000008a500000, 0x00000000d6e00000)
  object space 93184K, 24% used [0x0000000084a00000,0x0000000085ffb018,0x000000008a500000)
 Metaspace       used 32988K, capacity 41081K, committed 41088K, reserved 1079296K
  class space    used 7998K, capacity 10878K, committed 10880K, reserved 1048576K
Event: 11.409 GC heap after
Heap after GC invocations=13 (full 2):
 PSYoungGen      total 435200K, used 9072K [0x00000000d6e00000, 0x00000000f8400000, 0x0000000100000000)
  eden space 422912K, 0% used [0x00000000d6e00000,0x00000000d6e00000,0x00000000f0b00000)
  from space 12288K, 73% used [0x00000000f0b00000,0x00000000f13dc020,0x00000000f1700000)
  to   space 12800K, 0% used [0x00000000f7780000,0x00000000f7780000,0x00000000f8400000)
 ParOldGen       total 93184K, used 22516K [0x0000000084a00000, 0x000000008a500000, 0x00000000d6e00000)
  object space 93184K, 24% used [0x0000000084a00000,0x0000000085ffd018,0x000000008a500000)
 Metaspace       used 32988K, capacity 41081K, committed 41088K, reserved 1079296K
  class space    used 7998K, capacity 10878K, committed 10880K, reserved 1048576K
}
Event: 12.648 GC heap before
{Heap before GC invocations=14 (full 2):
 PSYoungGen      total 435200K, used 431984K [0x00000000d6e00000, 0x00000000f8400000, 0x0000000100000000)
  eden space 422912K, 100% used [0x00000000d6e00000,0x00000000f0b00000,0x00000000f0b00000)
  from space 12288K, 73% used [0x00000000f0b00000,0x00000000f13dc020,0x00000000f1700000)
  to   space 12800K, 0% used [0x00000000f7780000,0x00000000f7780000,0x00000000f8400000)
 ParOldGen       total 93184K, used 22516K [0x0000000084a00000, 0x000000008a500000, 0x00000000d6e00000)
  object space 93184K, 24% used [0x0000000084a00000,0x0000000085ffd018,0x000000008a500000)
 Metaspace       used 36559K, capacity 46733K, committed 46976K, reserved 1083392K
  class space    used 9048K, capacity 12410K, committed 12416K, reserved 1048576K
Event: 12.661 GC heap after
Heap after GC invocations=14 (full 2):
 PSYoungGen      total 527360K, used 12768K [0x00000000d6e00000, 0x00000000f8400000, 0x0000000100000000)
  eden space 514560K, 0% used [0x00000000d6e00000,0x00000000d6e00000,0x00000000f6480000)
  from space 12800K, 99% used [0x00000000f7780000,0x00000000f83f8010,0x00000000f8400000)
  to   space 14848K, 0% used [0x00000000f6700000,0x00000000f6700000,0x00000000f7580000)
 ParOldGen       total 93184K, used 23213K [0x0000000084a00000, 0x000000008a500000, 0x00000000d6e00000)
  object space 93184K, 24% used [0x0000000084a00000,0x00000000860ab708,0x000000008a500000)
 Metaspace       used 36559K, capacity 46733K, committed 46976K, reserved 1083392K
  class space    used 9048K, capacity 12410K, committed 12416K, reserved 1048576K
}

